AH00558: httpd.exe: Could not reliably determine the server's fully qualified domain name, using fe80::b7d4:817d:81f3:bd59. Set the 'ServerName' directive globally to suppress this message
[Mon Jun 10 12:26:21.770071 2024] [mpm_winnt:notice] [pid 21352:tid 380] AH00455: Apache/2.4.59 (Win64) configured -- resuming normal operations
[Mon Jun 10 12:26:21.770071 2024] [mpm_winnt:notice] [pid 21352:tid 380] AH00456: Apache Lounge VS17 Server built: Jun  5 2024 14:13:01
[Mon Jun 10 12:26:21.770071 2024] [core:notice] [pid 21352:tid 380] AH00094: Command line: 'C:\\Users\\Vaka\\PycharmProjects\\LogsAggregator\\server\\Apache24\\bin\\httpd.exe -d C:/Users/Vaka/PycharmProjects/LogsAggregator/server/Apache24'
[Mon Jun 10 12:26:21.777070 2024] [mpm_winnt:notice] [pid 21352:tid 380] AH00418: Parent: Created child process 24528
AH00558: httpd.exe: Could not reliably determine the server's fully qualified domain name, using fe80::b7d4:817d:81f3:bd59. Set the 'ServerName' directive globally to suppress this message
Apache server interrupted...
 reliably determine the server's fully qualified domain name, using fe80::b7d4:817d:81f3:bd59. Set the 'ServerName' directive globally to suppress this message
[Mon Jun 10 12:26:21.991003 2024] [mpm_winnt:notice] [pid 24528:tid 376] AH00354: Child: Starting 64 worker threads.
[Mon Jun 10 12:34:06.377340 2024] [mpm_winnt:notice] [pid 21352:tid 380] AH00422: Parent: Received shutdown signal -- Shutting down the server.
[Mon Jun 10 12:34:08.389428 2024] [mpm_winnt:notice] [pid 24528:tid 376] AH00364: Child: All worker threads have exited.
[Mon Jun 10 12:34:08.410498 2024] [mpm_winnt:notice] [pid 21352:tid 380] AH00430: Parent: Child process 24528 exited successfully.
AH00558: httpd.exe: Could not reliably determine the server's fully qualified domain name, using fe80::b7d4:817d:81f3:bd59. Set the 'ServerName' directive globally to suppress this message
[Mon Jun 10 13:35:15.775706 2024] [mpm_winnt:notice] [pid 11736:tid 384] AH00455: Apache/2.4.59 (Win64) configured -- resuming normal operations
[Mon Jun 10 13:35:15.776726 2024] [mpm_winnt:notice] [pid 11736:tid 384] AH00456: Apache Lounge VS17 Server built: Jun  5 2024 14:13:01
[Mon Jun 10 13:35:15.776726 2024] [core:notice] [pid 11736:tid 384] AH00094: Command line: 'C:\\Users\\Vaka\\PycharmProjects\\LogsAggregator\\server\\Apache24\\bin\\httpd.exe -d C:/Users/Vaka/PycharmProjects/LogsAggregator/server/Apache24'
[Mon Jun 10 13:35:15.781727 2024] [mpm_winnt:notice] [pid 11736:tid 384] AH00418: Parent: Created child process 4596
AH00558: httpd.exe: Could not reliably determine the server's fully qualified domain name, using fe80::b7d4:817d:81f3:bd59. Set the 'ServerName' directive globally to suppress this message
Apache server interrupted...
 reliably determine the server's fully qualified domain name, using fe80::b7d4:817d:81f3:bd59. Set the 'ServerName' directive globally to suppress this message
[Mon Jun 10 13:35:16.097897 2024] [mpm_winnt:notice] [pid 4596:tid 388] AH00354: Child: Starting 64 worker threads.
[Mon Jun 10 21:36:53.703569 2024] [mpm_winnt:notice] [pid 11736:tid 384] AH00422: Parent: Received shutdown signal -- Shutting down the server.
[Mon Jun 10 21:36:55.732471 2024] [mpm_winnt:notice] [pid 4596:tid 388] AH00364: Child: All worker threads have exited.
[Mon Jun 10 21:36:55.757159 2024] [mpm_winnt:notice] [pid 11736:tid 384] AH00430: Parent: Child process 4596 exited successfully.
AH00558: httpd.exe: Could not reliably determine the server's fully qualified domain name, using fe80::b7d4:817d:81f3:bd59. Set the 'ServerName' directive globally to suppress this message
[Mon Jun 10 21:52:30.108329 2024] [mpm_winnt:notice] [pid 25424:tid 400] AH00455: Apache/2.4.59 (Win64) configured -- resuming normal operations
[Mon Jun 10 21:52:30.109329 2024] [mpm_winnt:notice] [pid 25424:tid 400] AH00456: Apache Lounge VS17 Server built: Jun  5 2024 14:13:01
[Mon Jun 10 21:52:30.109329 2024] [core:notice] [pid 25424:tid 400] AH00094: Command line: 'C:\\Users\\Vaka\\PycharmProjects\\LogsAggregator\\server\\Apache24\\bin\\httpd.exe -d C:/Users/Vaka/PycharmProjects/LogsAggregator/server/Apache24'
[Mon Jun 10 21:52:30.114905 2024] [mpm_winnt:notice] [pid 25424:tid 400] AH00418: Parent: Created child process 1228
AH00558: httpd.exe: Could not reliably determine the server's fully qualified domain name, using fe80::b7d4:817d:81f3:bd59. Set the 'ServerName' directive globally to suppress this message
Apache server interrupted...
 reliably determine the server's fully qualified domain name, using fe80::b7d4:817d:81f3:bd59. Set the 'ServerName' directive globally to suppress this message
[Mon Jun 10 21:52:30.329053 2024] [mpm_winnt:notice] [pid 1228:tid 380] AH00354: Child: Starting 64 worker threads.
[Mon Jun 10 22:31:24.299209 2024] [mpm_winnt:notice] [pid 25424:tid 400] AH00422: Parent: Received shutdown signal -- Shutting down the server.
[Mon Jun 10 22:31:26.319075 2024] [mpm_winnt:notice] [pid 1228:tid 380] AH00364: Child: All worker threads have exited.
[Mon Jun 10 22:31:26.338888 2024] [mpm_winnt:notice] [pid 25424:tid 400] AH00430: Parent: Child process 1228 exited successfully.
AH00558: httpd.exe: Could not reliably determine the server's fully qualified domain name, using fe80::b7d4:817d:81f3:bd59. Set the 'ServerName' directive globally to suppress this message
[Wed Jun 12 13:27:56.225614 2024] [mpm_winnt:notice] [pid 19960:tid 372] AH00455: Apache/2.4.59 (Win64) configured -- resuming normal operations
[Wed Jun 12 13:27:56.225614 2024] [mpm_winnt:notice] [pid 19960:tid 372] AH00456: Apache Lounge VS17 Server built: Jun  5 2024 14:13:01
[Wed Jun 12 13:27:56.225614 2024] [core:notice] [pid 19960:tid 372] AH00094: Command line: 'C:\\Users\\Vaka\\PycharmProjects\\LogsAggregator\\server\\Apache24\\bin\\httpd.exe -d C:/Users/Vaka/PycharmProjects/LogsAggregator/server/Apache24'
[Wed Jun 12 13:27:56.233304 2024] [mpm_winnt:notice] [pid 19960:tid 372] AH00418: Parent: Created child process 22544
AH00558: httpd.exe: Could not reliably determine the server's fully qualified domain name, using fe80::b7d4:817d:81f3:bd59. Set the 'ServerName' directive globally to suppress this message
Apache server interrupted...
 reliably determine the server's fully qualified domain name, using fe80::b7d4:817d:81f3:bd59. Set the 'ServerName' directive globally to suppress this message
[Wed Jun 12 13:27:56.558180 2024] [mpm_winnt:notice] [pid 22544:tid 392] AH00354: Child: Starting 64 worker threads.
[Wed Jun 12 13:40:11.690957 2024] [mpm_winnt:notice] [pid 19960:tid 372] AH00422: Parent: Received shutdown signal -- Shutting down the server.
[Wed Jun 12 13:40:13.715981 2024] [mpm_winnt:notice] [pid 22544:tid 392] AH00364: Child: All worker threads have exited.
[Wed Jun 12 13:40:13.735195 2024] [mpm_winnt:notice] [pid 19960:tid 372] AH00430: Parent: Child process 22544 exited successfully.
[Wed Jun 12 13:41:53.037354 2024] [mpm_winnt:notice] [pid 22972:tid 368] AH00455: Apache/2.4.59 (Win64) configured -- resuming normal operations
[Wed Jun 12 13:41:53.039347 2024] [mpm_winnt:notice] [pid 22972:tid 368] AH00456: Apache Lounge VS17 Server built: Jun  5 2024 14:13:01
[Wed Jun 12 13:41:53.039347 2024] [core:notice] [pid 22972:tid 368] AH00094: Command line: './httpd.exe -d C:/Users/Vaka/PycharmProjects/LogsAggregator/server/Apache24'
[Wed Jun 12 13:41:53.047867 2024] [mpm_winnt:notice] [pid 22972:tid 368] AH00418: Parent: Created child process 26704
Apache server interrupted...
024] [mpm_winnt:notice] [pid 26704:tid 400] AH00354: Child: Starting 64 worker threads.
[Wed Jun 12 13:42:02.670727 2024] [mpm_winnt:notice] [pid 22972:tid 368] AH00422: Parent: Received shutdown signal -- Shutting down the server.
[Wed Jun 12 13:42:04.689677 2024] [mpm_winnt:notice] [pid 26704:tid 400] AH00364: Child: All worker threads have exited.
[Wed Jun 12 13:42:04.708104 2024] [mpm_winnt:notice] [pid 22972:tid 368] AH00430: Parent: Child process 26704 exited successfully.
[Wed Jun 12 13:42:25.108504 2024] [mpm_winnt:notice] [pid 21724:tid 388] AH00455: Apache/2.4.59 (Win64) configured -- resuming normal operations
[Wed Jun 12 13:42:25.109503 2024] [mpm_winnt:notice] [pid 21724:tid 388] AH00456: Apache Lounge VS17 Server built: Jun  5 2024 14:13:01
[Wed Jun 12 13:42:25.109503 2024] [core:notice] [pid 21724:tid 388] AH00094: Command line: './httpd.exe -d C:/Users/Vaka/PycharmProjects/LogsAggregator/server/Apache24'
[Wed Jun 12 13:42:25.118737 2024] [mpm_winnt:notice] [pid 21724:tid 388] AH00418: Parent: Created child process 18764
[Wed Jun 12 13:42:25.356831 2024] [mpm_winnt:notice] [pid 18764:tid 408] AH00354: Child: Starting 64 worker threads.
[Wed Jun 12 13:44:28.868558 2024] [core:warn] [pid 4424:tid 372] AH00098: pid file C:/Users/Vaka/PycharmProjects/LogsAggregator/server/Apache24/logs/httpd.pid overwritten -- Unclean shutdown of previous Apache run?
[Wed Jun 12 13:44:28.872508 2024] [mpm_winnt:notice] [pid 4424:tid 372] AH00455: Apache/2.4.59 (Win64) configured -- resuming normal operations
[Wed Jun 12 13:44:28.872508 2024] [mpm_winnt:notice] [pid 4424:tid 372] AH00456: Apache Lounge VS17 Server built: Jun  5 2024 14:13:01
[Wed Jun 12 13:44:28.872508 2024] [core:notice] [pid 4424:tid 372] AH00094: Command line: './httpd.exe -d C:/Users/Vaka/PycharmProjects/LogsAggregator/server/Apache24'
[Wed Jun 12 13:44:28.882247 2024] [mpm_winnt:notice] [pid 4424:tid 372] AH00418: Parent: Created child process 22672
Apache server interrupted...
024] [mpm_winnt:notice] [pid 22672:tid 368] AH00354: Child: Starting 64 worker threads.
[Wed Jun 12 13:44:40.001435 2024] [mpm_winnt:notice] [pid 4424:tid 372] AH00422: Parent: Received shutdown signal -- Shutting down the server.
[Wed Jun 12 13:44:42.021526 2024] [mpm_winnt:notice] [pid 22672:tid 368] AH00364: Child: All worker threads have exited.
[Wed Jun 12 13:44:42.039642 2024] [mpm_winnt:notice] [pid 4424:tid 372] AH00430: Parent: Child process 22672 exited successfully.
[Wed Jun 12 13:46:20.888947 2024] [mpm_winnt:notice] [pid 14704:tid 368] AH00455: Apache/2.4.59 (Win64) configured -- resuming normal operations
[Wed Jun 12 13:46:20.888947 2024] [mpm_winnt:notice] [pid 14704:tid 368] AH00456: Apache Lounge VS17 Server built: Jun  5 2024 14:13:01
[Wed Jun 12 13:46:20.888947 2024] [core:notice] [pid 14704:tid 368] AH00094: Command line: './httpd.exe -d C:/Users/Vaka/PycharmProjects/LogsAggregator/server/Apache24'
[Wed Jun 12 13:46:20.896522 2024] [mpm_winnt:notice] [pid 14704:tid 368] AH00418: Parent: Created child process 25868
Apache server interrupted...
024] [mpm_winnt:notice] [pid 25868:tid 372] AH00354: Child: Starting 64 worker threads.
[Wed Jun 12 13:46:23.047561 2024] [mpm_winnt:notice] [pid 14704:tid 368] AH00422: Parent: Received shutdown signal -- Shutting down the server.
[Wed Jun 12 13:46:25.062336 2024] [mpm_winnt:notice] [pid 25868:tid 372] AH00364: Child: All worker threads have exited.
[Wed Jun 12 13:46:25.081429 2024] [mpm_winnt:notice] [pid 14704:tid 368] AH00430: Parent: Child process 25868 exited successfully.
[Wed Jun 12 13:47:18.806472 2024] [mpm_winnt:notice] [pid 20356:tid 368] AH00455: Apache/2.4.59 (Win64) configured -- resuming normal operations
[Wed Jun 12 13:47:18.806472 2024] [mpm_winnt:notice] [pid 20356:tid 368] AH00456: Apache Lounge VS17 Server built: Jun  5 2024 14:13:01
[Wed Jun 12 13:47:18.806472 2024] [core:notice] [pid 20356:tid 368] AH00094: Command line: './httpd.exe -d C:/Users/Vaka/PycharmProjects/LogsAggregator/server/Apache24'
[Wed Jun 12 13:47:18.814158 2024] [mpm_winnt:notice] [pid 20356:tid 368] AH00418: Parent: Created child process 13392
Apache server interrupted...
024] [mpm_winnt:notice] [pid 13392:tid 368] AH00354: Child: Starting 64 worker threads.
[Wed Jun 12 13:47:20.024381 2024] [mpm_winnt:notice] [pid 20356:tid 368] AH00422: Parent: Received shutdown signal -- Shutting down the server.
[Wed Jun 12 13:47:22.037658 2024] [mpm_winnt:notice] [pid 13392:tid 368] AH00364: Child: All worker threads have exited.
[Wed Jun 12 13:47:22.056055 2024] [mpm_winnt:notice] [pid 20356:tid 368] AH00430: Parent: Child process 13392 exited successfully.
[Wed Jun 12 13:47:41.508026 2024] [mpm_winnt:notice] [pid 15824:tid 396] AH00455: Apache/2.4.59 (Win64) configured -- resuming normal operations
[Wed Jun 12 13:47:41.509010 2024] [mpm_winnt:notice] [pid 15824:tid 396] AH00456: Apache Lounge VS17 Server built: Jun  5 2024 14:13:01
[Wed Jun 12 13:47:41.509010 2024] [core:notice] [pid 15824:tid 396] AH00094: Command line: './httpd.exe -d C:/Users/Vaka/PycharmProjects/LogsAggregator/server/Apache24'
[Wed Jun 12 13:47:41.517534 2024] [mpm_winnt:notice] [pid 15824:tid 396] AH00418: Parent: Created child process 3744
Apache server interrupted...
024] [mpm_winnt:notice] [pid 3744:tid 364] AH00354: Child: Starting 64 worker threads.
[Wed Jun 12 13:47:44.552459 2024] [mpm_winnt:notice] [pid 15824:tid 396] AH00422: Parent: Received shutdown signal -- Shutting down the server.
[Wed Jun 12 13:47:46.565304 2024] [mpm_winnt:notice] [pid 3744:tid 364] AH00364: Child: All worker threads have exited.
[Wed Jun 12 13:47:46.587461 2024] [mpm_winnt:notice] [pid 15824:tid 396] AH00430: Parent: Child process 3744 exited successfully.
[Wed Jun 12 13:48:29.601463 2024] [mpm_winnt:notice] [pid 15204:tid 224] AH00455: Apache/2.4.59 (Win64) configured -- resuming normal operations
[Wed Jun 12 13:48:29.602413 2024] [mpm_winnt:notice] [pid 15204:tid 224] AH00456: Apache Lounge VS17 Server built: Jun  5 2024 14:13:01
[Wed Jun 12 13:48:29.602413 2024] [core:notice] [pid 15204:tid 224] AH00094: Command line: './httpd.exe -d C:/Users/Vaka/PycharmProjects/LogsAggregator/server/Apache24'
[Wed Jun 12 13:48:29.622454 2024] [mpm_winnt:notice] [pid 15204:tid 224] AH00418: Parent: Created child process 27728
Apache server interrupted...
024] [mpm_winnt:notice] [pid 27728:tid 368] AH00354: Child: Starting 64 worker threads.
[Wed Jun 12 13:48:43.654275 2024] [mpm_winnt:notice] [pid 15204:tid 224] AH00422: Parent: Received shutdown signal -- Shutting down the server.
[Wed Jun 12 13:48:45.665074 2024] [mpm_winnt:notice] [pid 27728:tid 368] AH00364: Child: All worker threads have exited.
[Wed Jun 12 13:48:45.686371 2024] [mpm_winnt:notice] [pid 15204:tid 224] AH00430: Parent: Child process 27728 exited successfully.
[Wed Jun 12 13:48:49.828479 2024] [mpm_winnt:notice] [pid 24860:tid 384] AH00455: Apache/2.4.59 (Win64) configured -- resuming normal operations
[Wed Jun 12 13:48:49.829480 2024] [mpm_winnt:notice] [pid 24860:tid 384] AH00456: Apache Lounge VS17 Server built: Jun  5 2024 14:13:01
[Wed Jun 12 13:48:49.829480 2024] [core:notice] [pid 24860:tid 384] AH00094: Command line: './httpd.exe -d C:/Users/Vaka/PycharmProjects/LogsAggregator/server/Apache24'
[Wed Jun 12 13:48:49.838872 2024] [mpm_winnt:notice] [pid 24860:tid 384] AH00418: Parent: Created child process 18764
Apache server interrupted...
024] [mpm_winnt:notice] [pid 18764:tid 380] AH00354: Child: Starting 64 worker threads.
[Wed Jun 12 13:49:11.573147 2024] [mpm_winnt:notice] [pid 24860:tid 384] AH00422: Parent: Received shutdown signal -- Shutting down the server.
[Wed Jun 12 13:49:13.596691 2024] [mpm_winnt:notice] [pid 18764:tid 380] AH00364: Child: All worker threads have exited.
[Wed Jun 12 13:49:13.614232 2024] [mpm_winnt:notice] [pid 24860:tid 384] AH00430: Parent: Child process 18764 exited successfully.
[Wed Jun 12 13:49:16.256376 2024] [mpm_winnt:notice] [pid 19144:tid 392] AH00455: Apache/2.4.59 (Win64) configured -- resuming normal operations
[Wed Jun 12 13:49:16.257384 2024] [mpm_winnt:notice] [pid 19144:tid 392] AH00456: Apache Lounge VS17 Server built: Jun  5 2024 14:13:01
[Wed Jun 12 13:49:16.257384 2024] [core:notice] [pid 19144:tid 392] AH00094: Command line: './httpd.exe -d C:/Users/Vaka/PycharmProjects/LogsAggregator/server/Apache24'
[Wed Jun 12 13:49:16.265908 2024] [mpm_winnt:notice] [pid 19144:tid 392] AH00418: Parent: Created child process 6036
Apache server interrupted...
024] [mpm_winnt:notice] [pid 6036:tid 396] AH00354: Child: Starting 64 worker threads.
[Wed Jun 12 13:49:18.404668 2024] [mpm_winnt:notice] [pid 19144:tid 392] AH00422: Parent: Received shutdown signal -- Shutting down the server.
[Wed Jun 12 13:49:20.437669 2024] [mpm_winnt:notice] [pid 6036:tid 396] AH00364: Child: All worker threads have exited.
[Wed Jun 12 13:49:20.456453 2024] [mpm_winnt:notice] [pid 19144:tid 392] AH00430: Parent: Child process 6036 exited successfully.
[Wed Jun 12 13:49:33.770464 2024] [mpm_winnt:notice] [pid 22332:tid 372] AH00455: Apache/2.4.59 (Win64) configured -- resuming normal operations
[Wed Jun 12 13:49:33.771969 2024] [mpm_winnt:notice] [pid 22332:tid 372] AH00456: Apache Lounge VS17 Server built: Jun  5 2024 14:13:01
[Wed Jun 12 13:49:33.771969 2024] [core:notice] [pid 22332:tid 372] AH00094: Command line: './httpd.exe -d C:/Users/Vaka/PycharmProjects/LogsAggregator/server/Apache24'
[Wed Jun 12 13:49:33.777976 2024] [mpm_winnt:notice] [pid 22332:tid 372] AH00418: Parent: Created child process 22416
[Wed Jun 12 13:49:34.017893 2024] [mpm_winnt:notice] [pid 22416:tid 404] AH00354: Child: Starting 64 worker threads.
[Wed Jun 12 13:51:32.073094 2024] [core:warn] [pid 21464:tid 392] AH00098: pid file C:/Users/Vaka/PycharmProjects/LogsAggregator/server/Apache24/logs/httpd.pid overwritten -- Unclean shutdown of previous Apache run?
[Wed Jun 12 13:51:32.077103 2024] [mpm_winnt:notice] [pid 21464:tid 392] AH00455: Apache/2.4.59 (Win64) configured -- resuming normal operations
[Wed Jun 12 13:51:32.077103 2024] [mpm_winnt:notice] [pid 21464:tid 392] AH00456: Apache Lounge VS17 Server built: Jun  5 2024 14:13:01
[Wed Jun 12 13:51:32.077103 2024] [core:notice] [pid 21464:tid 392] AH00094: Command line: './httpd.exe -d C:/Users/Vaka/PycharmProjects/LogsAggregator/server/Apache24'
[Wed Jun 12 13:51:32.100498 2024] [mpm_winnt:notice] [pid 21464:tid 392] AH00418: Parent: Created child process 21980
Apache server interrupted...
024] [mpm_winnt:notice] [pid 21980:tid 368] AH00354: Child: Starting 64 worker threads.
[Wed Jun 12 13:51:33.062612 2024] [mpm_winnt:notice] [pid 21464:tid 392] AH00422: Parent: Received shutdown signal -- Shutting down the server.
[Wed Jun 12 13:51:58.139949 2024] [core:warn] [pid 26364:tid 376] AH00098: pid file C:/Users/Vaka/PycharmProjects/LogsAggregator/server/Apache24/logs/httpd.pid overwritten -- Unclean shutdown of previous Apache run?
[Wed Jun 12 13:51:58.143266 2024] [mpm_winnt:notice] [pid 26364:tid 376] AH00455: Apache/2.4.59 (Win64) configured -- resuming normal operations
[Wed Jun 12 13:51:58.143266 2024] [mpm_winnt:notice] [pid 26364:tid 376] AH00456: Apache Lounge VS17 Server built: Jun  5 2024 14:13:01
[Wed Jun 12 13:51:58.143266 2024] [core:notice] [pid 26364:tid 376] AH00094: Command line: './httpd.exe -d C:/Users/Vaka/PycharmProjects/LogsAggregator/server/Apache24'
[Wed Jun 12 13:51:58.152341 2024] [mpm_winnt:notice] [pid 26364:tid 376] AH00418: Parent: Created child process 27624
Apache server interrupted...
024] [mpm_winnt:notice] [pid 27624:tid 396] AH00354: Child: Starting 64 worker threads.
[Wed Jun 12 13:51:58.804093 2024] [mpm_winnt:notice] [pid 26364:tid 376] AH00422: Parent: Received shutdown signal -- Shutting down the server.
[Wed Jun 12 13:52:56.508572 2024] [core:warn] [pid 24804:tid 380] AH00098: pid file C:/Users/Vaka/PycharmProjects/LogsAggregator/server/Apache24/logs/httpd.pid overwritten -- Unclean shutdown of previous Apache run?
[Wed Jun 12 13:52:56.519663 2024] [mpm_winnt:notice] [pid 24804:tid 380] AH00455: Apache/2.4.59 (Win64) configured -- resuming normal operations
[Wed Jun 12 13:52:56.519663 2024] [mpm_winnt:notice] [pid 24804:tid 380] AH00456: Apache Lounge VS17 Server built: Jun  5 2024 14:13:01
[Wed Jun 12 13:52:56.519663 2024] [core:notice] [pid 24804:tid 380] AH00094: Command line: './httpd.exe -d C:/Users/Vaka/PycharmProjects/LogsAggregator/server/Apache24'
[Wed Jun 12 13:52:56.584638 2024] [mpm_winnt:notice] [pid 24804:tid 380] AH00418: Parent: Created child process 17192
Apache server interrupted...
024] [mpm_winnt:notice] [pid 17192:tid 364] AH00354: Child: Starting 64 worker threads.
[Wed Jun 12 13:52:59.557280 2024] [mpm_winnt:notice] [pid 24804:tid 380] AH00422: Parent: Received shutdown signal -- Shutting down the server.
[Wed Jun 12 13:53:25.671755 2024] [core:warn] [pid 16980:tid 372] AH00098: pid file C:/Users/Vaka/PycharmProjects/LogsAggregator/server/Apache24/logs/httpd.pid overwritten -- Unclean shutdown of previous Apache run?
[Wed Jun 12 13:53:25.675275 2024] [mpm_winnt:notice] [pid 16980:tid 372] AH00455: Apache/2.4.59 (Win64) configured -- resuming normal operations
[Wed Jun 12 13:53:25.675275 2024] [mpm_winnt:notice] [pid 16980:tid 372] AH00456: Apache Lounge VS17 Server built: Jun  5 2024 14:13:01
[Wed Jun 12 13:53:25.675275 2024] [core:notice] [pid 16980:tid 372] AH00094: Command line: './httpd.exe -d C:/Users/Vaka/PycharmProjects/LogsAggregator/server/Apache24'
[Wed Jun 12 13:53:25.685586 2024] [mpm_winnt:notice] [pid 16980:tid 372] AH00418: Parent: Created child process 4556
Apache server interrupted...
024] [mpm_winnt:notice] [pid 4556:tid 384] AH00354: Child: Starting 64 worker threads.
[Wed Jun 12 13:53:28.466626 2024] [mpm_winnt:notice] [pid 16980:tid 372] AH00422: Parent: Received shutdown signal -- Shutting down the server.
[Wed Jun 12 13:54:24.120480 2024] [core:warn] [pid 22672:tid 416] AH00098: pid file C:/Users/Vaka/PycharmProjects/LogsAggregator/server/Apache24/logs/httpd.pid overwritten -- Unclean shutdown of previous Apache run?
[Wed Jun 12 13:54:24.124008 2024] [mpm_winnt:notice] [pid 22672:tid 416] AH00455: Apache/2.4.59 (Win64) configured -- resuming normal operations
[Wed Jun 12 13:54:24.124008 2024] [mpm_winnt:notice] [pid 22672:tid 416] AH00456: Apache Lounge VS17 Server built: Jun  5 2024 14:13:01
[Wed Jun 12 13:54:24.124008 2024] [core:notice] [pid 22672:tid 416] AH00094: Command line: './httpd.exe -d C:/Users/Vaka/PycharmProjects/LogsAggregator/server/Apache24'
[Wed Jun 12 13:54:24.135546 2024] [mpm_winnt:notice] [pid 22672:tid 416] AH00418: Parent: Created child process 7064
Apache server interrupted...
024] [mpm_winnt:notice] [pid 7064:tid 340] AH00354: Child: Starting 64 worker threads.
[Wed Jun 12 13:54:28.252893 2024] [mpm_winnt:notice] [pid 22672:tid 416] AH00422: Parent: Received shutdown signal -- Shutting down the server.
[Wed Jun 12 13:54:30.276847 2024] [mpm_winnt:notice] [pid 7064:tid 340] AH00364: Child: All worker threads have exited.
[Wed Jun 12 13:54:30.295781 2024] [mpm_winnt:notice] [pid 22672:tid 416] AH00430: Parent: Child process 7064 exited successfully.
[Wed Jun 12 13:54:37.744027 2024] [mpm_winnt:notice] [pid 16476:tid 376] AH00455: Apache/2.4.59 (Win64) configured -- resuming normal operations
[Wed Jun 12 13:54:37.745029 2024] [mpm_winnt:notice] [pid 16476:tid 376] AH00456: Apache Lounge VS17 Server built: Jun  5 2024 14:13:01
[Wed Jun 12 13:54:37.745029 2024] [core:notice] [pid 16476:tid 376] AH00094: Command line: './httpd.exe -d C:/Users/Vaka/PycharmProjects/LogsAggregator/server/Apache24'
[Wed Jun 12 13:54:37.756697 2024] [mpm_winnt:notice] [pid 16476:tid 376] AH00418: Parent: Created child process 11988
Apache server interrupted...
024] [mpm_winnt:notice] [pid 11988:tid 380] AH00354: Child: Starting 64 worker threads.
[Wed Jun 12 13:54:54.659509 2024] [mpm_winnt:notice] [pid 16476:tid 376] AH00422: Parent: Received shutdown signal -- Shutting down the server.
[Wed Jun 12 13:58:59.166946 2024] [core:warn] [pid 21232:tid 368] AH00098: pid file C:/Users/Vaka/PycharmProjects/LogsAggregator/server/Apache24/logs/httpd.pid overwritten -- Unclean shutdown of previous Apache run?
[Wed Jun 12 13:58:59.168900 2024] [mpm_winnt:notice] [pid 21232:tid 368] AH00455: Apache/2.4.59 (Win64) configured -- resuming normal operations
[Wed Jun 12 13:58:59.168900 2024] [mpm_winnt:notice] [pid 21232:tid 368] AH00456: Apache Lounge VS17 Server built: Jun  5 2024 14:13:01
[Wed Jun 12 13:58:59.168900 2024] [core:notice] [pid 21232:tid 368] AH00094: Command line: './httpd.exe -d C:/Users/Vaka/PycharmProjects/LogsAggregator/server/Apache24'
[Wed Jun 12 13:58:59.178964 2024] [mpm_winnt:notice] [pid 21232:tid 368] AH00418: Parent: Created child process 20724
Apache server interrupted...
024] [mpm_winnt:notice] [pid 20724:tid 364] AH00354: Child: Starting 64 worker threads.
[Wed Jun 12 14:00:01.246937 2024] [mpm_winnt:notice] [pid 21232:tid 368] AH00422: Parent: Received shutdown signal -- Shutting down the server.
[Wed Jun 12 14:00:04.897224 2024] [core:warn] [pid 15672:tid 216] AH00098: pid file C:/Users/Vaka/PycharmProjects/LogsAggregator/server/Apache24/logs/httpd.pid overwritten -- Unclean shutdown of previous Apache run?
[Wed Jun 12 14:00:04.900233 2024] [mpm_winnt:notice] [pid 15672:tid 216] AH00455: Apache/2.4.59 (Win64) configured -- resuming normal operations
[Wed Jun 12 14:00:04.900233 2024] [mpm_winnt:notice] [pid 15672:tid 216] AH00456: Apache Lounge VS17 Server built: Jun  5 2024 14:13:01
[Wed Jun 12 14:00:04.900233 2024] [core:notice] [pid 15672:tid 216] AH00094: Command line: './httpd.exe -d C:/Users/Vaka/PycharmProjects/LogsAggregator/server/Apache24'
[Wed Jun 12 14:00:04.909384 2024] [mpm_winnt:notice] [pid 15672:tid 216] AH00418: Parent: Created child process 6552
Apache server interrupted...
024] [mpm_winnt:notice] [pid 6552:tid 400] AH00354: Child: Starting 64 worker threads.
[Wed Jun 12 14:01:00.723763 2024] [mpm_winnt:notice] [pid 15672:tid 216] AH00422: Parent: Received shutdown signal -- Shutting down the server.
[Wed Jun 12 14:01:01.631759 2024] [core:warn] [pid 26496:tid 392] AH00098: pid file C:/Users/Vaka/PycharmProjects/LogsAggregator/server/Apache24/logs/httpd.pid overwritten -- Unclean shutdown of previous Apache run?
[Wed Jun 12 14:01:01.635774 2024] [mpm_winnt:notice] [pid 26496:tid 392] AH00455: Apache/2.4.59 (Win64) configured -- resuming normal operations
[Wed Jun 12 14:01:01.635774 2024] [mpm_winnt:notice] [pid 26496:tid 392] AH00456: Apache Lounge VS17 Server built: Jun  5 2024 14:13:01
[Wed Jun 12 14:01:01.635774 2024] [core:notice] [pid 26496:tid 392] AH00094: Command line: './httpd.exe -d C:/Users/Vaka/PycharmProjects/LogsAggregator/server/Apache24'
[Wed Jun 12 14:01:01.647396 2024] [mpm_winnt:notice] [pid 26496:tid 392] AH00418: Parent: Created child process 6984
Apache server interrupted...
024] [mpm_winnt:notice] [pid 6984:tid 368] AH00354: Child: Starting 64 worker threads.
[Wed Jun 12 14:01:08.777057 2024] [mpm_winnt:notice] [pid 26496:tid 392] AH00422: Parent: Received shutdown signal -- Shutting down the server.
[Wed Jun 12 14:03:50.729140 2024] [core:warn] [pid 15120:tid 364] AH00098: pid file C:/Users/Vaka/PycharmProjects/LogsAggregator/server/Apache24/logs/httpd.pid overwritten -- Unclean shutdown of previous Apache run?
[Wed Jun 12 14:03:50.736705 2024] [mpm_winnt:notice] [pid 15120:tid 364] AH00455: Apache/2.4.59 (Win64) configured -- resuming normal operations
[Wed Jun 12 14:03:50.736705 2024] [mpm_winnt:notice] [pid 15120:tid 364] AH00456: Apache Lounge VS17 Server built: Jun  5 2024 14:13:01
[Wed Jun 12 14:03:50.736705 2024] [core:notice] [pid 15120:tid 364] AH00094: Command line: './httpd.exe -d C:/Users/Vaka/PycharmProjects/LogsAggregator/server/Apache24'
[Wed Jun 12 14:03:50.752808 2024] [mpm_winnt:notice] [pid 15120:tid 364] AH00418: Parent: Created child process 24316
Apache server interrupted...
024] [mpm_winnt:notice] [pid 24316:tid 296] AH00354: Child: Starting 64 worker threads.
[Wed Jun 12 14:03:53.593179 2024] [mpm_winnt:notice] [pid 15120:tid 364] AH00422: Parent: Received shutdown signal -- Shutting down the server.
[Wed Jun 12 14:14:59.975885 2024] [core:warn] [pid 18232:tid 380] AH00098: pid file C:/Users/Vaka/PycharmProjects/LogsAggregator/server/Apache24/logs/httpd.pid overwritten -- Unclean shutdown of previous Apache run?
[Wed Jun 12 14:14:59.979969 2024] [mpm_winnt:notice] [pid 18232:tid 380] AH00455: Apache/2.4.59 (Win64) configured -- resuming normal operations
[Wed Jun 12 14:14:59.979969 2024] [mpm_winnt:notice] [pid 18232:tid 380] AH00456: Apache Lounge VS17 Server built: Jun  5 2024 14:13:01
[Wed Jun 12 14:14:59.979969 2024] [core:notice] [pid 18232:tid 380] AH00094: Command line: './httpd.exe -d C:/Users/Vaka/PycharmProjects/LogsAggregator/server/Apache24'
[Wed Jun 12 14:14:59.988515 2024] [mpm_winnt:notice] [pid 18232:tid 380] AH00418: Parent: Created child process 11556
Apache server interrupted...
024] [mpm_winnt:notice] [pid 11556:tid 204] AH00354: Child: Starting 64 worker threads.
[Wed Jun 12 14:15:15.030785 2024] [mpm_winnt:notice] [pid 18232:tid 380] AH00422: Parent: Received shutdown signal -- Shutting down the server.
[Wed Jun 12 14:52:03.486005 2024] [core:warn] [pid 14768:tid 368] AH00098: pid file C:/Users/Vaka/PycharmProjects/LogsAggregator/server/Apache24/logs/httpd.pid overwritten -- Unclean shutdown of previous Apache run?
[Wed Jun 12 14:52:03.490019 2024] [mpm_winnt:notice] [pid 14768:tid 368] AH00455: Apache/2.4.59 (Win64) configured -- resuming normal operations
[Wed Jun 12 14:52:03.490019 2024] [mpm_winnt:notice] [pid 14768:tid 368] AH00456: Apache Lounge VS17 Server built: Jun  5 2024 14:13:01
[Wed Jun 12 14:52:03.490019 2024] [core:notice] [pid 14768:tid 368] AH00094: Command line: './httpd.exe -d C:/Users/Vaka/PycharmProjects/LogsAggregator/server/Apache24'
[Wed Jun 12 14:52:03.498983 2024] [mpm_winnt:notice] [pid 14768:tid 368] AH00418: Parent: Created child process 27908
Apache server interrupted...
024] [mpm_winnt:notice] [pid 27908:tid 364] AH00354: Child: Starting 64 worker threads.
[Wed Jun 12 14:52:05.262404 2024] [mpm_winnt:notice] [pid 14768:tid 368] AH00422: Parent: Received shutdown signal -- Shutting down the server.
[Wed Jun 12 14:52:07.069087 2024] [core:warn] [pid 28544:tid 376] AH00098: pid file C:/Users/Vaka/PycharmProjects/LogsAggregator/server/Apache24/logs/httpd.pid overwritten -- Unclean shutdown of previous Apache run?
[Wed Jun 12 14:52:07.071172 2024] [mpm_winnt:notice] [pid 28544:tid 376] AH00455: Apache/2.4.59 (Win64) configured -- resuming normal operations
[Wed Jun 12 14:52:07.071172 2024] [mpm_winnt:notice] [pid 28544:tid 376] AH00456: Apache Lounge VS17 Server built: Jun  5 2024 14:13:01
[Wed Jun 12 14:52:07.071172 2024] [core:notice] [pid 28544:tid 376] AH00094: Command line: './httpd.exe -d C:/Users/Vaka/PycharmProjects/LogsAggregator/server/Apache24'
[Wed Jun 12 14:52:07.076610 2024] [mpm_winnt:notice] [pid 28544:tid 376] AH00418: Parent: Created child process 9752
Apache server interrupted...
024] [mpm_winnt:notice] [pid 9752:tid 388] AH00354: Child: Starting 64 worker threads.
[Wed Jun 12 14:52:14.705049 2024] [mpm_winnt:notice] [pid 28544:tid 376] AH00422: Parent: Received shutdown signal -- Shutting down the server.
[Wed Jun 12 14:52:16.726149 2024] [mpm_winnt:notice] [pid 9752:tid 388] AH00364: Child: All worker threads have exited.
[Wed Jun 12 14:52:16.743992 2024] [mpm_winnt:notice] [pid 28544:tid 376] AH00430: Parent: Child process 9752 exited successfully.
[Wed Jun 12 14:52:23.906489 2024] [mpm_winnt:notice] [pid 18688:tid 188] AH00455: Apache/2.4.59 (Win64) configured -- resuming normal operations
[Wed Jun 12 14:52:23.907488 2024] [mpm_winnt:notice] [pid 18688:tid 188] AH00456: Apache Lounge VS17 Server built: Jun  5 2024 14:13:01
[Wed Jun 12 14:52:23.907488 2024] [core:notice] [pid 18688:tid 188] AH00094: Command line: './httpd.exe -d C:/Users/Vaka/PycharmProjects/LogsAggregator/server/Apache24'
[Wed Jun 12 14:52:23.913993 2024] [mpm_winnt:notice] [pid 18688:tid 188] AH00418: Parent: Created child process 22892
[Wed Jun 12 14:52:24.144021 2024] [mpm_winnt:notice] [pid 22892:tid 204] AH00354: Child: Starting 64 worker threads.
[Wed Jun 12 15:07:32.081635 2024] [core:warn] [pid 23028:tid 372] AH00098: pid file C:/Users/Vaka/PycharmProjects/LogsAggregator/server/Apache24/logs/httpd.pid overwritten -- Unclean shutdown of previous Apache run?
[Wed Jun 12 15:07:32.083627 2024] [mpm_winnt:notice] [pid 23028:tid 372] AH00455: Apache/2.4.59 (Win64) configured -- resuming normal operations
[Wed Jun 12 15:07:32.083627 2024] [mpm_winnt:notice] [pid 23028:tid 372] AH00456: Apache Lounge VS17 Server built: Jun  5 2024 14:13:01
[Wed Jun 12 15:07:32.083627 2024] [core:notice] [pid 23028:tid 372] AH00094: Command line: './httpd.exe -d C:/Users/Vaka/PycharmProjects/LogsAggregator/server/Apache24'
[Wed Jun 12 15:07:32.091136 2024] [mpm_winnt:notice] [pid 23028:tid 372] AH00418: Parent: Created child process 22908
Apache server interrupted...
024] [mpm_winnt:notice] [pid 22908:tid 364] AH00354: Child: Starting 64 worker threads.
[Wed Jun 12 15:08:24.727855 2024] [mpm_winnt:notice] [pid 23028:tid 372] AH00422: Parent: Received shutdown signal -- Shutting down the server.
[Wed Jun 12 15:08:26.074013 2024] [core:warn] [pid 19012:tid 372] AH00098: pid file C:/Users/Vaka/PycharmProjects/LogsAggregator/server/Apache24/logs/httpd.pid overwritten -- Unclean shutdown of previous Apache run?
[Wed Jun 12 15:08:26.076529 2024] [mpm_winnt:notice] [pid 19012:tid 372] AH00455: Apache/2.4.59 (Win64) configured -- resuming normal operations
[Wed Jun 12 15:08:26.076529 2024] [mpm_winnt:notice] [pid 19012:tid 372] AH00456: Apache Lounge VS17 Server built: Jun  5 2024 14:13:01
[Wed Jun 12 15:08:26.076529 2024] [core:notice] [pid 19012:tid 372] AH00094: Command line: './httpd.exe -d C:/Users/Vaka/PycharmProjects/LogsAggregator/server/Apache24'
[Wed Jun 12 15:08:26.084830 2024] [mpm_winnt:notice] [pid 19012:tid 372] AH00418: Parent: Created child process 16892
Apache server interrupted...
024] [mpm_winnt:notice] [pid 16892:tid 400] AH00354: Child: Starting 64 worker threads.
[Wed Jun 12 15:08:56.340353 2024] [mpm_winnt:notice] [pid 19012:tid 372] AH00422: Parent: Received shutdown signal -- Shutting down the server.
[Wed Jun 12 15:08:57.347585 2024] [core:warn] [pid 10796:tid 380] AH00098: pid file C:/Users/Vaka/PycharmProjects/LogsAggregator/server/Apache24/logs/httpd.pid overwritten -- Unclean shutdown of previous Apache run?
[Wed Jun 12 15:08:57.349589 2024] [mpm_winnt:notice] [pid 10796:tid 380] AH00455: Apache/2.4.59 (Win64) configured -- resuming normal operations
[Wed Jun 12 15:08:57.349589 2024] [mpm_winnt:notice] [pid 10796:tid 380] AH00456: Apache Lounge VS17 Server built: Jun  5 2024 14:13:01
[Wed Jun 12 15:08:57.349589 2024] [core:notice] [pid 10796:tid 380] AH00094: Command line: './httpd.exe -d C:/Users/Vaka/PycharmProjects/LogsAggregator/server/Apache24'
[Wed Jun 12 15:08:57.357744 2024] [mpm_winnt:notice] [pid 10796:tid 380] AH00418: Parent: Created child process 17312
Apache server interrupted...
024] [mpm_winnt:notice] [pid 17312:tid 280] AH00354: Child: Starting 64 worker threads.
[Wed Jun 12 15:09:41.691040 2024] [mpm_winnt:notice] [pid 10796:tid 380] AH00422: Parent: Received shutdown signal -- Shutting down the server.
[Wed Jun 12 15:09:43.233349 2024] [core:warn] [pid 4356:tid 396] AH00098: pid file C:/Users/Vaka/PycharmProjects/LogsAggregator/server/Apache24/logs/httpd.pid overwritten -- Unclean shutdown of previous Apache run?
[Wed Jun 12 15:09:43.238424 2024] [mpm_winnt:notice] [pid 4356:tid 396] AH00455: Apache/2.4.59 (Win64) configured -- resuming normal operations
[Wed Jun 12 15:09:43.238424 2024] [mpm_winnt:notice] [pid 4356:tid 396] AH00456: Apache Lounge VS17 Server built: Jun  5 2024 14:13:01
[Wed Jun 12 15:09:43.238424 2024] [core:notice] [pid 4356:tid 396] AH00094: Command line: './httpd.exe -d C:/Users/Vaka/PycharmProjects/LogsAggregator/server/Apache24'
[Wed Jun 12 15:09:43.247972 2024] [mpm_winnt:notice] [pid 4356:tid 396] AH00418: Parent: Created child process 15080
Apache server interrupted...
024] [mpm_winnt:notice] [pid 15080:tid 368] AH00354: Child: Starting 64 worker threads.
[Wed Jun 12 15:10:31.846072 2024] [mpm_winnt:notice] [pid 4356:tid 396] AH00422: Parent: Received shutdown signal -- Shutting down the server.
[Wed Jun 12 15:10:35.904741 2024] [core:warn] [pid 24456:tid 204] AH00098: pid file C:/Users/Vaka/PycharmProjects/LogsAggregator/server/Apache24/logs/httpd.pid overwritten -- Unclean shutdown of previous Apache run?
[Wed Jun 12 15:10:35.907078 2024] [mpm_winnt:notice] [pid 24456:tid 204] AH00455: Apache/2.4.59 (Win64) configured -- resuming normal operations
[Wed Jun 12 15:10:35.907078 2024] [mpm_winnt:notice] [pid 24456:tid 204] AH00456: Apache Lounge VS17 Server built: Jun  5 2024 14:13:01
[Wed Jun 12 15:10:35.907078 2024] [core:notice] [pid 24456:tid 204] AH00094: Command line: './httpd.exe -d C:/Users/Vaka/PycharmProjects/LogsAggregator/server/Apache24'
[Wed Jun 12 15:10:35.918397 2024] [mpm_winnt:notice] [pid 24456:tid 204] AH00418: Parent: Created child process 10772
Apache server interrupted...
024] [mpm_winnt:notice] [pid 10772:tid 388] AH00354: Child: Starting 64 worker threads.
[Wed Jun 12 15:10:44.923999 2024] [mpm_winnt:notice] [pid 24456:tid 204] AH00422: Parent: Received shutdown signal -- Shutting down the server.
[Wed Jun 12 15:10:46.020836 2024] [core:warn] [pid 20452:tid 384] AH00098: pid file C:/Users/Vaka/PycharmProjects/LogsAggregator/server/Apache24/logs/httpd.pid overwritten -- Unclean shutdown of previous Apache run?
[Wed Jun 12 15:10:46.022835 2024] [mpm_winnt:notice] [pid 20452:tid 384] AH00455: Apache/2.4.59 (Win64) configured -- resuming normal operations
[Wed Jun 12 15:10:46.022835 2024] [mpm_winnt:notice] [pid 20452:tid 384] AH00456: Apache Lounge VS17 Server built: Jun  5 2024 14:13:01
[Wed Jun 12 15:10:46.022835 2024] [core:notice] [pid 20452:tid 384] AH00094: Command line: './httpd.exe -d C:/Users/Vaka/PycharmProjects/LogsAggregator/server/Apache24'
[Wed Jun 12 15:10:46.031434 2024] [mpm_winnt:notice] [pid 20452:tid 384] AH00418: Parent: Created child process 21440
Apache server interrupted...
024] [mpm_winnt:notice] [pid 21440:tid 368] AH00354: Child: Starting 64 worker threads.
[Wed Jun 12 15:11:21.676041 2024] [mpm_winnt:notice] [pid 20452:tid 384] AH00422: Parent: Received shutdown signal -- Shutting down the server.
[Wed Jun 12 15:11:23.216446 2024] [core:warn] [pid 4480:tid 372] AH00098: pid file C:/Users/Vaka/PycharmProjects/LogsAggregator/server/Apache24/logs/httpd.pid overwritten -- Unclean shutdown of previous Apache run?
[Wed Jun 12 15:11:23.218446 2024] [mpm_winnt:notice] [pid 4480:tid 372] AH00455: Apache/2.4.59 (Win64) configured -- resuming normal operations
[Wed Jun 12 15:11:23.218446 2024] [mpm_winnt:notice] [pid 4480:tid 372] AH00456: Apache Lounge VS17 Server built: Jun  5 2024 14:13:01
[Wed Jun 12 15:11:23.218446 2024] [core:notice] [pid 4480:tid 372] AH00094: Command line: './httpd.exe -d C:/Users/Vaka/PycharmProjects/LogsAggregator/server/Apache24'
[Wed Jun 12 15:11:23.224954 2024] [mpm_winnt:notice] [pid 4480:tid 372] AH00418: Parent: Created child process 20524
Apache server interrupted...
024] [mpm_winnt:notice] [pid 20524:tid 408] AH00354: Child: Starting 64 worker threads.
[Wed Jun 12 15:11:44.177014 2024] [mpm_winnt:notice] [pid 4480:tid 372] AH00422: Parent: Received shutdown signal -- Shutting down the server.
[Wed Jun 12 15:12:04.388923 2024] [core:warn] [pid 26668:tid 360] AH00098: pid file C:/Users/Vaka/PycharmProjects/LogsAggregator/server/Apache24/logs/httpd.pid overwritten -- Unclean shutdown of previous Apache run?
[Wed Jun 12 15:12:04.391922 2024] [mpm_winnt:notice] [pid 26668:tid 360] AH00455: Apache/2.4.59 (Win64) configured -- resuming normal operations
[Wed Jun 12 15:12:04.391922 2024] [mpm_winnt:notice] [pid 26668:tid 360] AH00456: Apache Lounge VS17 Server built: Jun  5 2024 14:13:01
[Wed Jun 12 15:12:04.391922 2024] [core:notice] [pid 26668:tid 360] AH00094: Command line: './httpd.exe -d C:/Users/Vaka/PycharmProjects/LogsAggregator/server/Apache24'
[Wed Jun 12 15:12:04.401139 2024] [mpm_winnt:notice] [pid 26668:tid 360] AH00418: Parent: Created child process 26444
Apache server interrupted...
024] [mpm_winnt:notice] [pid 26444:tid 376] AH00354: Child: Starting 64 worker threads.
[Wed Jun 12 15:12:14.380869 2024] [mpm_winnt:notice] [pid 26668:tid 360] AH00422: Parent: Received shutdown signal -- Shutting down the server.
[Wed Jun 12 15:17:52.510458 2024] [core:warn] [pid 8832:tid 412] AH00098: pid file C:/Users/Vaka/PycharmProjects/LogsAggregator/server/Apache24/logs/httpd.pid overwritten -- Unclean shutdown of previous Apache run?
[Wed Jun 12 15:17:52.513977 2024] [mpm_winnt:notice] [pid 8832:tid 412] AH00455: Apache/2.4.59 (Win64) configured -- resuming normal operations
[Wed Jun 12 15:17:52.513977 2024] [mpm_winnt:notice] [pid 8832:tid 412] AH00456: Apache Lounge VS17 Server built: Jun  5 2024 14:13:01
[Wed Jun 12 15:17:52.513977 2024] [core:notice] [pid 8832:tid 412] AH00094: Command line: './httpd.exe -d C:/Users/Vaka/PycharmProjects/LogsAggregator/server/Apache24'
[Wed Jun 12 15:17:52.521319 2024] [mpm_winnt:notice] [pid 8832:tid 412] AH00418: Parent: Created child process 12800
Apache server interrupted...
024] [mpm_winnt:notice] [pid 12800:tid 368] AH00354: Child: Starting 64 worker threads.
[Wed Jun 12 15:18:00.073499 2024] [mpm_winnt:notice] [pid 8832:tid 412] AH00422: Parent: Received shutdown signal -- Shutting down the server.
[Wed Jun 12 15:26:14.099359 2024] [core:warn] [pid 10432:tid 372] AH00098: pid file C:/Users/Vaka/PycharmProjects/LogsAggregator/server/Apache24/logs/httpd.pid overwritten -- Unclean shutdown of previous Apache run?
[Wed Jun 12 15:26:14.102374 2024] [mpm_winnt:notice] [pid 10432:tid 372] AH00455: Apache/2.4.59 (Win64) configured -- resuming normal operations
[Wed Jun 12 15:26:14.102374 2024] [mpm_winnt:notice] [pid 10432:tid 372] AH00456: Apache Lounge VS17 Server built: Jun  5 2024 14:13:01
[Wed Jun 12 15:26:14.102374 2024] [core:notice] [pid 10432:tid 372] AH00094: Command line: './httpd.exe -d C:/Users/Vaka/PycharmProjects/LogsAggregator/server/Apache24'
[Wed Jun 12 15:26:14.109888 2024] [mpm_winnt:notice] [pid 10432:tid 372] AH00418: Parent: Created child process 19352
Apache server interrupted...
024] [mpm_winnt:notice] [pid 19352:tid 376] AH00354: Child: Starting 64 worker threads.
[Wed Jun 12 15:26:41.369961 2024] [mpm_winnt:notice] [pid 10432:tid 372] AH00422: Parent: Received shutdown signal -- Shutting down the server.
